# JRE version: OpenJDK Runtime Environment (8.0_152-b01) (build 1.8.0_152-release-1248-b01)
# Java VM: OpenJDK 64-Bit Server VM (25.152-b01 mixed mode linux-amd64 compressed oops)
Heap:
 PSYoungGen      total 401920K, used 5451K [0x00000000e0000000, 0x00000000fa680000, 0x0000000100000000)
  eden space 375808K, 0% used [0x00000000e0000000,0x00000000e0000000,0x00000000f6f00000)
  from space 26112K, 20% used [0x00000000f6f00000,0x00000000f7452cc8,0x00000000f8880000)
  to   space 25088K, 0% used [0x00000000f8880000,0x00000000f8880000,0x00000000fa100000)
 ParOldGen       total 180224K, used 50308K [0x00000000a0000000, 0x00000000ab000000, 0x00000000e0000000)
  object space 180224K, 27% used [0x00000000a0000000,0x00000000a3121310,0x00000000ab000000)
 Metaspace       used 94716K, capacity 98590K, committed 98816K, reserved 1134592K
  class space    used 11979K, capacity 12752K, committed 12800K, reserved 1048576K
GC Heap History (10 events):
Event: 921.716 GC heap after
Heap after GC invocations=22 (full 3):
 PSYoungGen      total 289280K, used 23542K [0x00000000e0000000, 0x00000000f6600000, 0x0000000100000000)
  eden space 265728K, 0% used [0x00000000e0000000,0x00000000e0000000,0x00000000f0380000)
  from space 23552K, 99% used [0x00000000f0380000,0x00000000f1a7db18,0x00000000f1a80000)
  to   space 27136K, 0% used [0x00000000f4b80000,0x00000000f4b80000,0x00000000f6600000)
 ParOldGen       total 136704K, used 40298K [0x00000000a0000000, 0x00000000a8580000, 0x00000000e0000000)
  object space 136704K, 29% used [0x00000000a0000000,0x00000000a275a9b8,0x00000000a8580000)
 Metaspace       used 94064K, capacity 97936K, committed 98048K, reserved 1134592K
  class space    used 11992K, capacity 12763K, committed 12800K, reserved 1048576K
}
Event: 922.856 GC heap before
{Heap before GC invocations=23 (full 3):
 PSYoungGen      total 289280K, used 289270K [0x00000000e0000000, 0x00000000f6600000, 0x0000000100000000)
  eden space 265728K, 100% used [0x00000000e0000000,0x00000000f0380000,0x00000000f0380000)
  from space 23552K, 99% used [0x00000000f0380000,0x00000000f1a7db18,0x00000000f1a80000)
  to   space 27136K, 0% used [0x00000000f4b80000,0x00000000f4b80000,0x00000000f6600000)
 ParOldGen       total 136704K, used 40298K [0x00000000a0000000, 0x00000000a8580000, 0x00000000e0000000)
  object space 136704K, 29% used [0x00000000a0000000,0x00000000a275a9b8,0x00000000a8580000)
 Metaspace       used 94522K, capacity 98494K, committed 98560K, reserved 1134592K
  class space    used 12006K, capacity 12800K, committed 12800K, reserved 1048576K
Event: 922.907 GC heap after
Heap after GC invocations=23 (full 3):
 PSYoungGen      total 340480K, used 11314K [0x00000000e0000000, 0x00000000f6780000, 0x0000000100000000)
  eden space 313344K, 0% used [0x00000000e0000000,0x00000000e0000000,0x00000000f3200000)
  from space 27136K, 41% used [0x00000000f4b80000,0x00000000f568cbe8,0x00000000f6600000)
  to   space 26112K, 0% used [0x00000000f3200000,0x00000000f3200000,0x00000000f4b80000)
 ParOldGen       total 136704K, used 49499K [0x00000000a0000000, 0x00000000a8580000, 0x00000000e0000000)
  object space 136704K, 36% used [0x00000000a0000000,0x00000000a3056c78,0x00000000a8580000)
 Metaspace       used 94522K, capacity 98494K, committed 98560K, reserved 1134592K
  class space    used 12006K, capacity 12800K, committed 12800K, reserved 1048576K
}
Event: 923.231 GC heap before
{Heap before GC invocations=24 (full 3):
 PSYoungGen      total 340480K, used 90064K [0x00000000e0000000, 0x00000000f6780000, 0x0000000100000000)
  eden space 313344K, 25% used [0x00000000e0000000,0x00000000e4ce76b8,0x00000000f3200000)
  from space 27136K, 41% used [0x00000000f4b80000,0x00000000f568cbe8,0x00000000f6600000)
  to   space 26112K, 0% used [0x00000000f3200000,0x00000000f3200000,0x00000000f4b80000)
 ParOldGen       total 136704K, used 49499K [0x00000000a0000000, 0x00000000a8580000, 0x00000000e0000000)
  object space 136704K, 36% used [0x00000000a0000000,0x00000000a3056c78,0x00000000a8580000)
 Metaspace       used 94578K, capacity 98498K, committed 98560K, reserved 1134592K
  class space    used 12006K, capacity 12800K, committed 12800K, reserved 1048576K
Event: 923.249 GC heap after
Heap after GC invocations=24 (full 3):
 PSYoungGen      total 339456K, used 11615K [0x00000000e0000000, 0x00000000fa100000, 0x0000000100000000)
  eden space 313344K, 0% used [0x00000000e0000000,0x00000000e0000000,0x00000000f3200000)
  from space 26112K, 44% used [0x00000000f3200000,0x00000000f3d57ca0,0x00000000f4b80000)
  to   space 25088K, 0% used [0x00000000f8880000,0x00000000f8880000,0x00000000fa100000)
 ParOldGen       total 136704K, used 49507K [0x00000000a0000000, 0x00000000a8580000, 0x00000000e0000000)
  object space 136704K, 36% used [0x00000000a0000000,0x00000000a3058c78,0x00000000a8580000)
 Metaspace       used 94578K, capacity 98498K, committed 98560K, reserved 1134592K
  class space    used 12006K, capacity 12800K, committed 12800K, reserved 1048576K
}
Event: 923.249 GC heap before
{Heap before GC invocations=25 (full 4):
 PSYoungGen      total 339456K, used 11615K [0x00000000e0000000, 0x00000000fa100000, 0x0000000100000000)
  eden space 313344K, 0% used [0x00000000e0000000,0x00000000e0000000,0x00000000f3200000)
  from space 26112K, 44% used [0x00000000f3200000,0x00000000f3d57ca0,0x00000000f4b80000)
  to   space 25088K, 0% used [0x00000000f8880000,0x00000000f8880000,0x00000000fa100000)
 ParOldGen       total 136704K, used 49507K [0x00000000a0000000, 0x00000000a8580000, 0x00000000e0000000)
  object space 136704K, 36% used [0x00000000a0000000,0x00000000a3058c78,0x00000000a8580000)
 Metaspace       used 94578K, capacity 98498K, committed 98560K, reserved 1134592K
  class space    used 12006K, capacity 12800K, committed 12800K, reserved 1048576K
Event: 923.596 GC heap after
Heap after GC invocations=25 (full 4):
 PSYoungGen      total 339456K, used 0K [0x00000000e0000000, 0x00000000fa100000, 0x0000000100000000)
  eden space 313344K, 0% used [0x00000000e0000000,0x00000000e0000000,0x00000000f3200000)
  from space 26112K, 0% used [0x00000000f3200000,0x00000000f3200000,0x00000000f4b80000)
  to   space 25088K, 0% used [0x00000000f8880000,0x00000000f8880000,0x00000000fa100000)
 ParOldGen       total 180224K, used 50292K [0x00000000a0000000, 0x00000000ab000000, 0x00000000e0000000)
  object space 180224K, 27% used [0x00000000a0000000,0x00000000a311d310,0x00000000ab000000)
 Metaspace       used 94499K, capacity 98294K, committed 98560K, reserved 1134592K
  class space    used 11979K, capacity 12752K, committed 12800K, reserved 1048576K
}
Event: 924.846 GC heap before
{Heap before GC invocations=26 (full 4):
 PSYoungGen      total 339456K, used 313344K [0x00000000e0000000, 0x00000000fa100000, 0x0000000100000000)
  eden space 313344K, 100% used [0x00000000e0000000,0x00000000f3200000,0x00000000f3200000)
  from space 26112K, 0% used [0x00000000f3200000,0x00000000f3200000,0x00000000f4b80000)
  to   space 25088K, 0% used [0x00000000f8880000,0x00000000f8880000,0x00000000fa100000)
 ParOldGen       total 180224K, used 50292K [0x00000000a0000000, 0x00000000ab000000, 0x00000000e0000000)
  object space 180224K, 27% used [0x00000000a0000000,0x00000000a311d310,0x00000000ab000000)
 Metaspace       used 94618K, capacity 98446K, committed 98816K, reserved 1134592K
  class space    used 11979K, capacity 12752K, committed 12800K, reserved 1048576K
Event: 924.867 GC heap after
Heap after GC invocations=26 (full 4):
 PSYoungGen      total 400896K, used 3617K [0x00000000e0000000, 0x00000000fa680000, 0x0000000100000000)
  eden space 375808K, 0% used [0x00000000e0000000,0x00000000e0000000,0x00000000f6f00000)
  from space 25088K, 14% used [0x00000000f8880000,0x00000000f8c087f0,0x00000000fa100000)
  to   space 26112K, 0% used [0x00000000f6f00000,0x00000000f6f00000,0x00000000f8880000)
 ParOldGen       total 180224K, used 50300K [0x00000000a0000000, 0x00000000ab000000, 0x00000000e0000000)
  object space 180224K, 27% used [0x00000000a0000000,0x00000000a311f310,0x00000000ab000000)
 Metaspace       used 94618K, capacity 98446K, committed 98816K, reserved 1134592K
  class space    used 11979K, capacity 12752K, committed 12800K, reserved 1048576K
}
Event: 927.043 GC heap before
{Heap before GC invocations=27 (full 4):
 PSYoungGen      total 400896K, used 379425K [0x00000000e0000000, 0x00000000fa680000, 0x0000000100000000)
  eden space 375808K, 100% used [0x00000000e0000000,0x00000000f6f00000,0x00000000f6f00000)
  from space 25088K, 14% used [0x00000000f8880000,0x00000000f8c087f0,0x00000000fa100000)
  to   space 26112K, 0% used [0x00000000f6f00000,0x00000000f6f00000,0x00000000f8880000)
 ParOldGen       total 180224K, used 50300K [0x00000000a0000000, 0x00000000ab000000, 0x00000000e0000000)
  object space 180224K, 27% used [0x00000000a0000000,0x00000000a311f310,0x00000000ab000000)
 Metaspace       used 94716K, capacity 98590K, committed 98816K, reserved 1134592K
  class space    used 11979K, capacity 12752K, committed 12800K, reserved 1048576K

